0 info it worked if it ends with ok
1 verbose cli [ 'C:\\Program Files\\nodejs\\node.exe',
1 verbose cli   'C:\\Users\\juan.munozc\\AppData\\Roaming\\npm\\node_modules\\npm\\bin\\npm-cli.js',
1 verbose cli   'install',
1 verbose cli   'fsevents' ]
2 info using npm@3.10.7
3 info using node@v4.4.7
4 silly loadCurrentTree Starting
5 silly install loadCurrentTree
6 silly install readLocalPackageData
7 silly fetchPackageMetaData fsevents
8 silly fetchNamedPackageData fsevents
9 silly mapToRegistry name fsevents
10 silly mapToRegistry using default registry
11 silly mapToRegistry registry https://registry.npmjs.org/
12 silly mapToRegistry data Result {
12 silly mapToRegistry   raw: 'fsevents',
12 silly mapToRegistry   scope: null,
12 silly mapToRegistry   escapedName: 'fsevents',
12 silly mapToRegistry   name: 'fsevents',
12 silly mapToRegistry   rawSpec: '',
12 silly mapToRegistry   spec: 'latest',
12 silly mapToRegistry   type: 'tag' }
13 silly mapToRegistry uri https://registry.npmjs.org/fsevents
14 verbose request uri https://registry.npmjs.org/fsevents
15 verbose request no auth needed
16 info attempt registry request try #1 at 17:01:21
17 verbose request id 4b6df2000f42e010
18 verbose etag "1IUUBBNAFSLRNOMEHDGNJ1LTJ"
19 http request GET https://registry.npmjs.org/fsevents
20 http 304 https://registry.npmjs.org/fsevents
21 verbose headers { date: 'Thu, 25 Aug 2016 20:01:22 GMT',
21 verbose headers   via: '1.1 varnish',
21 verbose headers   'cache-control': 'max-age=300',
21 verbose headers   etag: '"1IUUBBNAFSLRNOMEHDGNJ1LTJ"',
21 verbose headers   age: '84',
21 verbose headers   connection: 'keep-alive',
21 verbose headers   'x-served-by': 'cache-iad2640-IAD',
21 verbose headers   'x-cache': 'HIT',
21 verbose headers   'x-cache-hits': '2',
21 verbose headers   'x-timer': 'S1472155282.634138,VS0,VE0',
21 verbose headers   vary: 'Accept-Encoding' }
22 silly get cb [ 304,
22 silly get   { date: 'Thu, 25 Aug 2016 20:01:22 GMT',
22 silly get     via: '1.1 varnish',
22 silly get     'cache-control': 'max-age=300',
22 silly get     etag: '"1IUUBBNAFSLRNOMEHDGNJ1LTJ"',
22 silly get     age: '84',
22 silly get     connection: 'keep-alive',
22 silly get     'x-served-by': 'cache-iad2640-IAD',
22 silly get     'x-cache': 'HIT',
22 silly get     'x-cache-hits': '2',
22 silly get     'x-timer': 'S1472155282.634138,VS0,VE0',
22 silly get     vary: 'Accept-Encoding' } ]
23 verbose etag https://registry.npmjs.org/fsevents from cache
24 verbose get saving fsevents to C:\Users\juan.munozc\AppData\Roaming\npm-cache\registry.npmjs.org\fsevents\.cache.json
25 verbose correctMkdir C:\Users\juan.munozc\AppData\Roaming\npm-cache correctMkdir not in flight; initializing
26 silly install normalizeTree
27 silly loadCurrentTree Finishing
28 silly loadIdealTree Starting
29 silly install loadIdealTree
30 silly cloneCurrentTree Starting
31 silly install cloneCurrentTreeToIdealTree
32 silly cloneCurrentTree Finishing
33 silly loadShrinkwrap Starting
34 silly install loadShrinkwrap
35 silly loadShrinkwrap Finishing
36 silly loadAllDepsIntoIdealTree Starting
37 silly install loadAllDepsIntoIdealTree
38 silly rollbackFailedOptional Starting
39 silly rollbackFailedOptional Finishing
40 silly runTopLevelLifecycles Finishing
41 silly install printInstalled
42 verbose stack Error: Unsupported platform for fsevents@1.0.14: wanted {"name":"fsevents","version":"1.0.14","description":"Native Access to Mac OS-X FSEvents","main":"fsevents.js","dependencies":{"nan":"^2.3.0","node-pre-gyp":"^0.6.29"},"os":["darwin"],"engines":{"node":">=0.8.0"},"scripts":{"install":"node-pre-gyp install --fallback-to-build","prepublish":"if [ $(npm -v | head -c 1) -lt 3 ]; then exit 1; fi && npm dedupe","test":"tap ./test"},"binary":{"module_name":"fse","module_path":"./lib/binding/{configuration}/{node_abi}-{platform}-{arch}/","remote_path":"./v{version}/","package_name":"{module_name}-v{version}-{node_abi}-{platform}-{arch}.tar.gz","host":"https://fsevents-binaries.s3-us-west-2.amazonaws.com"},"repository":{"type":"git","url":"git+https://github.com/strongloop/fsevents.git"},"keywords":["fsevents","mac"],"author":{"name":"Philipp Dunkel","email":"pip@pipobscure.com"},"license":"MIT","bugs":{"url":"https://github.com/strongloop/fsevents/issues"},"homepage":"https://github.com/strongloop/fsevents","devDependencies":{"tap":"~0.4.8"},"gitHead":"fe059ea77fae15ed289271eecc881a2b7fb54edd","bundleDependencies":["node-pre-gyp"],"_id":"fsevents@1.0.14","_shasum":"558e8cc38643d8ef40fe45158486d0d25758eee4","_from":"fsevents","_npmVersion":"3.6.0","_nodeVersion":"5.6.0","_npmUser":{"name":"es128","email":"elan.shanker+npm@gmail.com"},"dist":{"shasum":"558e8cc38643d8ef40fe45158486d0d25758eee4","tarball":"https://registry.npmjs.org/fsevents/-/fsevents-1.0.14.tgz"},"maintainers":[{"name":"bajtos","email":"miro.bajtos@gmail.com"},{"name":"bnoordhuis","email":"info@bnoordhuis.nl"},{"name":"es128","email":"elan.shanker+npm@gmail.com"},{"name":"pipobscure","email":"pip@pipobscure.com"},{"name":"strongloop","email":"callback@strongloop.com"}],"_npmOperationalInternal":{"host":"packages-16-east.internal.npmjs.com","tmp":"tmp/fsevents-1.0.14.tgz_1468846610948_0.4684492303058505"},"directories":{},"_resolved":"https://registry.npmjs.org/fsevents/-/fsevents-1.0.14.tgz","_requested":{"raw":"fsevents","scope":null,"escapedName":"fsevents","name":"fsevents","rawSpec":"","spec":"latest","type":"tag"},"_spec":"fsevents","_where":"C:\\Users\\juan.munozc\\Documents\\Braquets\\prototipo","_args":[[{"raw":"fsevents","scope":null,"escapedName":"fsevents","name":"fsevents","rawSpec":"","spec":"latest","type":"tag"},"C:\\Users\\juan.munozc\\Documents\\Braquets\\prototipo"]],"readme":"ERROR: No README data found!"} (current: {"os":"win32","cpu":"x64"})
42 verbose stack     at checkPlatform (C:\Users\juan.munozc\AppData\Roaming\npm\node_modules\npm\node_modules\npm-install-checks\index.js:45:14)
42 verbose stack     at thenWarnEngineIssues (C:\Users\juan.munozc\AppData\Roaming\npm\node_modules\npm\lib\install\validate-args.js:41:5)
42 verbose stack     at C:\Users\juan.munozc\AppData\Roaming\npm\node_modules\npm\node_modules\iferr\index.js:13:50
42 verbose stack     at checkEngine (C:\Users\juan.munozc\AppData\Roaming\npm\node_modules\npm\node_modules\npm-install-checks\index.js:24:10)
42 verbose stack     at module.exports.isInstallable (C:\Users\juan.munozc\AppData\Roaming\npm\node_modules\npm\lib\install\validate-args.js:38:3)
42 verbose stack     at Array.<anonymous> (C:\Users\juan.munozc\AppData\Roaming\npm\node_modules\npm\node_modules\slide\lib\bind-actor.js:15:8)
42 verbose stack     at LOOP (C:\Users\juan.munozc\AppData\Roaming\npm\node_modules\npm\node_modules\slide\lib\chain.js:15:14)
42 verbose stack     at C:\Users\juan.munozc\AppData\Roaming\npm\node_modules\npm\node_modules\slide\lib\chain.js:18:7
42 verbose stack     at checkSelf (C:\Users\juan.munozc\AppData\Roaming\npm\node_modules\npm\lib\install\validate-args.js:46:72)
42 verbose stack     at Array.<anonymous> (C:\Users\juan.munozc\AppData\Roaming\npm\node_modules\npm\node_modules\slide\lib\bind-actor.js:15:8)
43 verbose pkgid fsevents@1.0.14
44 verbose cwd C:\Users\juan.munozc\Documents\Braquets\prototipo
45 error Windows_NT 6.1.7601
46 error argv "C:\\Program Files\\nodejs\\node.exe" "C:\\Users\\juan.munozc\\AppData\\Roaming\\npm\\node_modules\\npm\\bin\\npm-cli.js" "install" "fsevents"
47 error node v4.4.7
48 error npm  v3.10.7
49 error code EBADPLATFORM
50 error notsup Not compatible with your operating system or architecture: fsevents@1.0.14
51 error notsup Valid OS:    darwin
51 error notsup Valid Arch:  any
51 error notsup Actual OS:   win32
51 error notsup Actual Arch: x64
52 verbose exit [ 1, true ]
